<?xml version="1.0" encoding="UTF-8"?>
<!-- Generated by org.testng.reporters.JUnitXMLReporter -->
<testsuite hostname="sms" name="book-flight-2" tests="5" failures="0" timestamp="1 Oct 2019 11:14:13 GMT" time="144.662" errors="0">
  <testcase name="registrationPage" time="43.428" classname="com.newtours.tests.BookFlightTest"/>
  <testcase name="registrationConfirmationPage" time="3.37" classname="com.newtours.tests.BookFlightTest"/>
  <testcase name="flightDetailsPage" time="6.35" classname="com.newtours.tests.BookFlightTest"/>
  <testcase name="findFlightPage" time="13.298" classname="com.newtours.tests.BookFlightTest"/>
  <testcase name="flightConfirmationPage" time="11.427" classname="com.newtours.tests.BookFlightTest"/>
</testsuite> <!-- book-flight-2 -->
