<?xml version="1.0" encoding="UTF-8"?>
<!-- Generated by org.testng.reporters.JUnitXMLReporter -->
<testsuite hostname="sms" name="book-flight-1" tests="5" failures="0" timestamp="1 Oct 2019 11:14:37 GMT" time="168.331" errors="0">
  <testcase name="registrationPage" time="99.892" classname="com.newtours.tests.BookFlightTest"/>
  <testcase name="registrationConfirmationPage" time="10.822" classname="com.newtours.tests.BookFlightTest"/>
  <testcase name="flightDetailsPage" time="13.648" classname="com.newtours.tests.BookFlightTest"/>
  <testcase name="findFlightPage" time="13.807" classname="com.newtours.tests.BookFlightTest"/>
  <testcase name="flightConfirmationPage" time="17.495" classname="com.newtours.tests.BookFlightTest"/>
</testsuite> <!-- book-flight-1 -->
