<?xml version="1.0" encoding="UTF-8"?>
<!-- Generated by org.testng.reporters.JUnitXMLReporter -->
<testsuite hostname="sms" name="book-flight-3" tests="5" failures="0" timestamp="1 Oct 2019 11:14:39 GMT" time="170.475" errors="0">
  <testcase name="registrationPage" time="99.761" classname="com.newtours.tests.BookFlightTest"/>
  <testcase name="registrationConfirmationPage" time="21.57" classname="com.newtours.tests.BookFlightTest"/>
  <testcase name="flightDetailsPage" time="9.836" classname="com.newtours.tests.BookFlightTest"/>
  <testcase name="findFlightPage" time="12.042" classname="com.newtours.tests.BookFlightTest"/>
  <testcase name="flightConfirmationPage" time="14.584" classname="com.newtours.tests.BookFlightTest"/>
</testsuite> <!-- book-flight-3 -->
